2025-08-18 22:19:26,650 - INFO - SQLAlchemy 등록된 모델들: ['users', 'categories', 'common_words', 'common_word_users', 'words', 'sentences']
2025-08-18 22:19:26,650 - INFO - 현재 존재하는 테이블: []
2025-08-18 22:19:26,650 - INFO - 필요한 테이블: ['users', 'categories', 'common_words', 'common_word_users', 'words', 'sentences']
2025-08-18 22:19:26,650 - INFO - 누락된 테이블 발견: ['users', 'categories', 'common_words', 'common_word_users', 'words', 'sentences']
2025-08-18 22:19:26,651 - INFO - create_db 함수를 사용해서 강제로 테이블을 생성합니다...
2025-08-18 22:19:26,651 - INFO - 기존 테이블 삭제 중...
2025-08-18 22:19:26,651 - INFO - 새 테이블 생성 중...
2025-08-18 22:19:26,651 - INFO - 생성할 테이블들: ['users', 'categories', 'common_words', 'common_word_users', 'words', 'sentences']
2025-08-18 22:19:26,653 - INFO - 생성된 테이블 확인:
2025-08-18 22:19:26,654 - INFO -   - categories
2025-08-18 22:19:26,654 - INFO -     * id (INTEGER)
2025-08-18 22:19:26,654 - INFO -     * value (VARCHAR(100))
2025-08-18 22:19:26,654 - INFO -   - common_word_users
2025-08-18 22:19:26,654 - INFO -     * user_id (INTEGER)
2025-08-18 22:19:26,654 - INFO -     * common_word_id (INTEGER)
2025-08-18 22:19:26,654 - INFO -     * usageCount (INTEGER)
2025-08-18 22:19:26,654 - INFO -     * lastUseDate (DATETIME)
2025-08-18 22:19:26,654 - INFO -     * bookMark (BOOLEAN)
2025-08-18 22:19:26,654 - INFO -   - common_words
2025-08-18 22:19:26,654 - INFO -     * id (INTEGER)
2025-08-18 22:19:26,654 - INFO -     * value (TEXT)
2025-08-18 22:19:26,654 - INFO -     * category0_id (INTEGER)
2025-08-18 22:19:26,654 - INFO -     * category1_id (INTEGER)
2025-08-18 22:19:26,654 - INFO -     * category2_id (INTEGER)
2025-08-18 22:19:26,654 - INFO -   - sentences
2025-08-18 22:19:26,654 - INFO -     * id (INTEGER)
2025-08-18 22:19:26,654 - INFO -   - users
2025-08-18 22:19:26,654 - INFO -     * id (INTEGER)
2025-08-18 22:19:26,654 - INFO -     * email (VARCHAR(120))
2025-08-18 22:19:26,654 - INFO -     * createdAt (DATETIME)
2025-08-18 22:19:26,654 - INFO -   - words
2025-08-18 22:19:26,655 - INFO -     * id (INTEGER)
2025-08-18 22:19:26,655 - INFO -     * wordPart (VARCHAR(12))
2025-08-18 22:19:26,655 - INFO -     * createdAt (DATETIME)
2025-08-18 22:19:26,655 - INFO - 데이터베이스 강제 생성 완료!
